<?xml version="1.0" encoding="UTF-8"?>
<coverage generated="1645696810844" clover="3.2.0">
  <project timestamp="1645696810844" name="All files">
    <metrics statements="185" coveredstatements="177" conditionals="84" coveredconditionals="79" methods="24" coveredmethods="23" elements="293" coveredelements="279" complexity="0" loc="185" ncloc="185" packages="2" files="4" classes="4"/>
    <package name="algo.ProblemSolvingPattern">
      <metrics statements="104" coveredstatements="96" conditionals="52" coveredconditionals="47" methods="10" coveredmethods="9"/>
      <file name="frequencyCounterPattern.ts" path="/Users/prashant/code/personal/algo-in-js/src/algo/ProblemSolvingPattern/frequencyCounterPattern.ts">
        <metrics statements="28" coveredstatements="28" conditionals="20" coveredconditionals="20" methods="3" coveredmethods="3"/>
        <line num="8" count="1" type="stmt"/>
        <line num="10" count="6" type="cond" truecount="2" falsecount="0"/>
        <line num="11" count="5" type="stmt"/>
        <line num="12" count="5" type="stmt"/>
        <line num="13" count="19" type="stmt"/>
        <line num="14" count="19" type="cond" truecount="2" falsecount="0"/>
        <line num="16" count="19" type="stmt"/>
        <line num="17" count="19" type="cond" truecount="2" falsecount="0"/>
        <line num="19" count="5" type="stmt"/>
        <line num="20" count="13" type="cond" truecount="2" falsecount="0"/>
        <line num="21" count="12" type="cond" truecount="2" falsecount="0"/>
        <line num="23" count="3" type="stmt"/>
        <line num="27" count="1" type="stmt"/>
        <line num="28" count="5" type="stmt"/>
        <line num="29" count="5" type="stmt"/>
        <line num="31" count="5" type="stmt"/>
        <line num="32" count="5" type="stmt"/>
        <line num="33" count="5" type="cond" truecount="2" falsecount="0"/>
        <line num="35" count="19" type="stmt"/>
        <line num="36" count="19" type="cond" truecount="2" falsecount="0"/>
        <line num="38" count="19" type="stmt"/>
        <line num="39" count="19" type="cond" truecount="2" falsecount="0"/>
        <line num="41" count="13" type="stmt"/>
        <line num="42" count="13" type="cond" truecount="2" falsecount="0"/>
        <line num="43" count="12" type="cond" truecount="2" falsecount="0"/>
        <line num="45" count="2" type="stmt"/>
        <line num="61" count="21" type="stmt"/>
        <line num="62" count="3" type="stmt"/>
      </file>
      <file name="multiplePointersPattern.ts" path="/Users/prashant/code/personal/algo-in-js/src/algo/ProblemSolvingPattern/multiplePointersPattern.ts">
        <metrics statements="42" coveredstatements="34" conditionals="20" coveredconditionals="15" methods="4" coveredmethods="3"/>
        <line num="3" count="1" type="stmt"/>
        <line num="4" count="5" type="cond" truecount="2" falsecount="0"/>
        <line num="5" count="4" type="stmt"/>
        <line num="6" count="4" type="stmt"/>
        <line num="7" count="4" type="stmt"/>
        <line num="8" count="4" type="stmt"/>
        <line num="9" count="27" type="cond" truecount="2" falsecount="0"/>
        <line num="10" count="11" type="stmt"/>
        <line num="11" count="11" type="stmt"/>
        <line num="14" count="16" type="stmt"/>
        <line num="15" count="16" type="stmt"/>
        <line num="16" count="16" type="stmt"/>
        <line num="19" count="4" type="stmt"/>
        <line num="22" count="1" type="stmt"/>
        <line num="23" count="0" type="cond" truecount="0" falsecount="2"/>
        <line num="24" count="0" type="stmt"/>
        <line num="25" count="0" type="stmt"/>
        <line num="26" count="0" type="cond" truecount="0" falsecount="2"/>
        <line num="27" count="0" type="stmt"/>
        <line num="28" count="0" type="stmt"/>
        <line num="31" count="0" type="stmt"/>
        <line num="34" count="1" type="stmt"/>
        <line num="35" count="2" type="stmt"/>
        <line num="36" count="2" type="stmt"/>
        <line num="37" count="2" type="stmt"/>
        <line num="38" count="9" type="stmt"/>
        <line num="39" count="9" type="cond" truecount="2" falsecount="0"/>
        <line num="40" count="7" type="cond" truecount="2" falsecount="0"/>
        <line num="41" count="2" type="stmt"/>
        <line num="43" count="0" type="stmt"/>
        <line num="47" count="1" type="stmt"/>
        <line num="48" count="4" type="stmt"/>
        <line num="49" count="4" type="stmt"/>
        <line num="50" count="4" type="cond" truecount="1" falsecount="1"/>
        <line num="51" count="4" type="stmt"/>
        <line num="52" count="16" type="cond" truecount="2" falsecount="0"/>
        <line num="53" count="14" type="stmt"/>
        <line num="54" count="14" type="stmt"/>
        <line num="56" count="16" type="cond" truecount="2" falsecount="0"/>
        <line num="57" count="8" type="stmt"/>
        <line num="59" count="16" type="cond" truecount="2" falsecount="0"/>
        <line num="61" count="3" type="stmt"/>
      </file>
      <file name="slidingWindowPattern.ts" path="/Users/prashant/code/personal/algo-in-js/src/algo/ProblemSolvingPattern/slidingWindowPattern.ts">
        <metrics statements="34" coveredstatements="34" conditionals="12" coveredconditionals="12" methods="3" coveredmethods="3"/>
        <line num="1" count="1" type="stmt"/>
        <line num="2" count="5" type="cond" truecount="2" falsecount="0"/>
        <line num="4" count="4" type="stmt"/>
        <line num="6" count="4" type="stmt"/>
        <line num="7" count="10" type="stmt"/>
        <line num="9" count="4" type="stmt"/>
        <line num="10" count="4" type="stmt"/>
        <line num="11" count="18" type="stmt"/>
        <line num="12" count="18" type="stmt"/>
        <line num="14" count="4" type="stmt"/>
        <line num="17" count="1" type="stmt"/>
        <line num="18" count="7" type="stmt"/>
        <line num="19" count="7" type="stmt"/>
        <line num="21" count="7" type="stmt"/>
        <line num="22" count="95" type="cond" truecount="4" falsecount="0"/>
        <line num="23" count="56" type="stmt"/>
        <line num="24" count="56" type="stmt"/>
        <line num="26" count="39" type="cond" truecount="2" falsecount="0"/>
        <line num="27" count="32" type="stmt"/>
        <line num="28" count="32" type="stmt"/>
        <line num="29" count="32" type="stmt"/>
        <line num="32" count="7" type="stmt"/>
        <line num="36" count="7" type="cond" truecount="2" falsecount="0"/>
        <line num="41" count="1" type="stmt"/>
        <line num="42" count="7" type="stmt"/>
        <line num="43" count="7" type="stmt"/>
        <line num="44" count="7" type="stmt"/>
        <line num="46" count="7" type="stmt"/>
        <line num="47" count="75" type="stmt"/>
        <line num="48" count="75" type="cond" truecount="2" falsecount="0"/>
        <line num="49" count="30" type="stmt"/>
        <line num="52" count="75" type="stmt"/>
        <line num="54" count="75" type="stmt"/>
        <line num="56" count="7" type="stmt"/>
      </file>
    </package>
    <package name="ds">
      <metrics statements="81" coveredstatements="81" conditionals="32" coveredconditionals="32" methods="14" coveredmethods="14"/>
      <file name="SinglyLinkedList.ts" path="/Users/prashant/code/personal/algo-in-js/src/ds/SinglyLinkedList.ts">
        <metrics statements="81" coveredstatements="81" conditionals="32" coveredconditionals="32" methods="14" coveredmethods="14"/>
        <line num="1" count="1" type="stmt"/>
        <line num="5" count="24" type="stmt"/>
        <line num="6" count="24" type="cond" truecount="2" falsecount="0"/>
        <line num="8" count="1" type="stmt"/>
        <line num="10" count="1" type="stmt"/>
        <line num="15" count="9" type="stmt"/>
        <line num="16" count="9" type="stmt"/>
        <line num="17" count="9" type="stmt"/>
        <line num="20" count="1" type="stmt"/>
        <line num="21" count="19" type="stmt"/>
        <line num="22" count="19" type="cond" truecount="2" falsecount="0"/>
        <line num="23" count="6" type="stmt"/>
        <line num="24" count="6" type="stmt"/>
        <line num="27" count="13" type="stmt"/>
        <line num="28" count="13" type="stmt"/>
        <line num="30" count="19" type="stmt"/>
        <line num="31" count="19" type="stmt"/>
        <line num="34" count="1" type="stmt"/>
        <line num="35" count="4" type="cond" truecount="2" falsecount="0"/>
        <line num="36" count="3" type="stmt"/>
        <line num="37" count="3" type="stmt"/>
        <line num="38" count="3" type="stmt"/>
        <line num="39" count="3" type="stmt"/>
        <line num="40" count="3" type="stmt"/>
        <line num="42" count="3" type="stmt"/>
        <line num="43" count="3" type="stmt"/>
        <line num="44" count="3" type="stmt"/>
        <line num="45" count="3" type="cond" truecount="2" falsecount="0"/>
        <line num="46" count="1" type="stmt"/>
        <line num="47" count="1" type="stmt"/>
        <line num="49" count="3" type="stmt"/>
        <line num="52" count="1" type="stmt"/>
        <line num="53" count="4" type="cond" truecount="2" falsecount="0"/>
        <line num="54" count="3" type="stmt"/>
        <line num="55" count="3" type="stmt"/>
        <line num="56" count="3" type="stmt"/>
        <line num="57" count="3" type="cond" truecount="2" falsecount="0"/>
        <line num="58" count="1" type="stmt"/>
        <line num="59" count="1" type="stmt"/>
        <line num="61" count="3" type="stmt"/>
        <line num="64" count="1" type="stmt"/>
        <line num="65" count="4" type="stmt"/>
        <line num="66" count="4" type="stmt"/>
        <line num="67" count="4" type="cond" truecount="2" falsecount="0"/>
        <line num="68" count="1" type="stmt"/>
        <line num="69" count="1" type="stmt"/>
        <line num="72" count="3" type="stmt"/>
        <line num="73" count="3" type="stmt"/>
        <line num="75" count="4" type="stmt"/>
        <line num="76" count="4" type="stmt"/>
        <line num="80" count="1" type="stmt"/>
        <line num="81" count="24" type="stmt"/>
        <line num="85" count="1" type="stmt"/>
        <line num="86" count="11" type="stmt"/>
        <line num="90" count="1" type="stmt"/>
        <line num="91" count="18" type="stmt"/>
        <line num="94" count="1" type="stmt"/>
        <line num="95" count="18" type="cond" truecount="4" falsecount="0"/>
        <line num="97" count="14" type="stmt"/>
        <line num="98" count="14" type="stmt"/>
        <line num="99" count="14" type="stmt"/>
        <line num="100" count="18" type="stmt"/>
        <line num="101" count="18" type="stmt"/>
        <line num="103" count="14" type="stmt"/>
        <line num="106" count="1" type="stmt"/>
        <line num="107" count="3" type="stmt"/>
        <line num="108" count="3" type="cond" truecount="2" falsecount="0"/>
        <line num="109" count="2" type="stmt"/>
        <line num="110" count="2" type="stmt"/>
        <line num="113" count="1" type="stmt"/>
        <line num="114" count="4" type="cond" truecount="4" falsecount="0"/>
        <line num="115" count="3" type="cond" truecount="4" falsecount="0"/>
        <line num="116" count="2" type="cond" truecount="4" falsecount="0"/>
        <line num="117" count="1" type="stmt"/>
        <line num="118" count="1" type="stmt"/>
        <line num="119" count="1" type="stmt"/>
        <line num="120" count="1" type="stmt"/>
        <line num="121" count="1" type="stmt"/>
        <line num="122" count="1" type="stmt"/>
        <line num="124" count="1" type="stmt"/>
        <line num="127" count="1" type="stmt"/>
      </file>
    </package>
  </project>
</coverage>
