<?xml version="1.0" encoding="UTF-8"?>
<coverage generated="1618512718496" clover="3.2.0">
  <project timestamp="1618512718496" name="All files">
    <metrics statements="35" coveredstatements="35" conditionals="25" coveredconditionals="24" methods="9" coveredmethods="9" elements="69" coveredelements="68" complexity="0" loc="35" ncloc="35" packages="1" files="6" classes="6"/>
    <file name="capitalizeFirst.js" path="/Users/prashant/code/personal/algo-in-js/src/recursion/capitalizeFirst.js">
      <metrics statements="5" coveredstatements="5" conditionals="3" coveredconditionals="3" methods="1" coveredmethods="1"/>
      <line num="1" count="1" type="cond" truecount="1" falsecount="0"/>
      <line num="2" count="4" type="cond" truecount="2" falsecount="0"/>
      <line num="3" count="3" type="stmt"/>
      <line num="4" count="3" type="stmt"/>
      <line num="5" count="3" type="stmt"/>
    </file>
    <file name="flatten.js" path="/Users/prashant/code/personal/algo-in-js/src/recursion/flatten.js">
      <metrics statements="7" coveredstatements="7" conditionals="5" coveredconditionals="4" methods="2" coveredmethods="2"/>
      <line num="1" count="1" type="cond" truecount="1" falsecount="0"/>
      <line num="2" count="25" type="cond" truecount="1" falsecount="1"/>
      <line num="3" count="25" type="stmt"/>
      <line num="4" count="37" type="cond" truecount="2" falsecount="0"/>
      <line num="5" count="21" type="stmt"/>
      <line num="8" count="16" type="stmt"/>
      <line num="12" count="25" type="stmt"/>
    </file>
    <file name="nestedEvenSum.js" path="/Users/prashant/code/personal/algo-in-js/src/recursion/nestedEvenSum.js">
      <metrics statements="8" coveredstatements="8" conditionals="7" coveredconditionals="7" methods="2" coveredmethods="2"/>
      <line num="1" count="1" type="cond" truecount="1" falsecount="0"/>
      <line num="2" count="11" type="stmt"/>
      <line num="3" count="11" type="stmt"/>
      <line num="4" count="24" type="cond" truecount="2" falsecount="0"/>
      <line num="5" count="9" type="stmt"/>
      <line num="7" count="24" type="cond" truecount="4" falsecount="0"/>
      <line num="8" count="8" type="stmt"/>
      <line num="11" count="11" type="stmt"/>
    </file>
    <file name="palindrome.js" path="/Users/prashant/code/personal/algo-in-js/src/recursion/palindrome.js">
      <metrics statements="4" coveredstatements="4" conditionals="4" coveredconditionals="4" methods="1" coveredmethods="1"/>
      <line num="1" count="1" type="stmt"/>
      <line num="3" count="18" type="cond" truecount="2" falsecount="0"/>
      <line num="5" count="16" type="cond" truecount="2" falsecount="0"/>
      <line num="7" count="3" type="stmt"/>
    </file>
    <file name="reverse.js" path="/Users/prashant/code/personal/algo-in-js/src/recursion/reverse.js">
      <metrics statements="7" coveredstatements="7" conditionals="2" coveredconditionals="2" methods="2" coveredmethods="2"/>
      <line num="4" count="1" type="stmt"/>
      <line num="5" count="1" type="stmt"/>
      <line num="7" count="9" type="cond" truecount="2" falsecount="0"/>
      <line num="8" count="8" type="stmt"/>
      <line num="9" count="8" type="stmt"/>
      <line num="11" count="1" type="stmt"/>
      <line num="12" count="1" type="stmt"/>
    </file>
    <file name="someRecursive.js" path="/Users/prashant/code/personal/algo-in-js/src/recursion/someRecursive.js">
      <metrics statements="4" coveredstatements="4" conditionals="4" coveredconditionals="4" methods="1" coveredmethods="1"/>
      <line num="1" count="1" type="stmt"/>
      <line num="2" count="13" type="cond" truecount="2" falsecount="0"/>
      <line num="4" count="11" type="cond" truecount="2" falsecount="0"/>
      <line num="6" count="9" type="stmt"/>
    </file>
  </project>
</coverage>
