{"/Users/prashant/code/personal/algo-in-js/src/Sorting/mergeSort.js": {"path":"/Users/prashant/code/personal/algo-in-js/src/Sorting/mergeSort.js","statementMap":{"0":{"start":{"line":2,"column":14},"end":{"line":19,"column":1}},"1":{"start":{"line":3,"column":15},"end":{"line":3,"column":17}},"2":{"start":{"line":4,"column":12},"end":{"line":4,"column":13}},"3":{"start":{"line":5,"column":12},"end":{"line":5,"column":13}},"4":{"start":{"line":6,"column":4},"end":{"line":17,"column":5}},"5":{"start":{"line":7,"column":8},"end":{"line":14,"column":9}},"6":{"start":{"line":8,"column":12},"end":{"line":8,"column":30}},"7":{"start":{"line":9,"column":12},"end":{"line":9,"column":15}},"8":{"start":{"line":11,"column":13},"end":{"line":14,"column":9}},"9":{"start":{"line":12,"column":12},"end":{"line":12,"column":30}},"10":{"start":{"line":13,"column":12},"end":{"line":13,"column":15}},"11":{"start":{"line":15,"column":8},"end":{"line":15,"column":83}},"12":{"start":{"line":15,"column":50},"end":{"line":15,"column":83}},"13":{"start":{"line":16,"column":8},"end":{"line":16,"column":82}},"14":{"start":{"line":16,"column":49},"end":{"line":16,"column":82}},"15":{"start":{"line":18,"column":4},"end":{"line":18,"column":15}}},"fnMap":{"0":{"name":"(anonymous_0)","decl":{"start":{"line":2,"column":14},"end":{"line":2,"column":15}},"loc":{"start":{"line":2,"column":35},"end":{"line":19,"column":1}},"line":2}},"branchMap":{"0":{"loc":{"start":{"line":2,"column":15},"end":{"line":2,"column":22}},"type":"default-arg","locations":[{"start":{"line":2,"column":20},"end":{"line":2,"column":22}}],"line":2},"1":{"loc":{"start":{"line":2,"column":23},"end":{"line":2,"column":30}},"type":"default-arg","locations":[{"start":{"line":2,"column":28},"end":{"line":2,"column":30}}],"line":2},"2":{"loc":{"start":{"line":6,"column":10},"end":{"line":6,"column":44}},"type":"binary-expr","locations":[{"start":{"line":6,"column":10},"end":{"line":6,"column":25}},{"start":{"line":6,"column":29},"end":{"line":6,"column":44}}],"line":6},"3":{"loc":{"start":{"line":7,"column":8},"end":{"line":14,"column":9}},"type":"if","locations":[{"start":{"line":7,"column":8},"end":{"line":14,"column":9}},{"start":{"line":7,"column":8},"end":{"line":14,"column":9}}],"line":7},"4":{"loc":{"start":{"line":11,"column":13},"end":{"line":14,"column":9}},"type":"if","locations":[{"start":{"line":11,"column":13},"end":{"line":14,"column":9}},{"start":{"line":11,"column":13},"end":{"line":14,"column":9}}],"line":11},"5":{"loc":{"start":{"line":15,"column":8},"end":{"line":15,"column":83}},"type":"if","locations":[{"start":{"line":15,"column":8},"end":{"line":15,"column":83}},{"start":{"line":15,"column":8},"end":{"line":15,"column":83}}],"line":15},"6":{"loc":{"start":{"line":15,"column":11},"end":{"line":15,"column":47}},"type":"binary-expr","locations":[{"start":{"line":15,"column":11},"end":{"line":15,"column":28}},{"start":{"line":15,"column":32},"end":{"line":15,"column":47}}],"line":15},"7":{"loc":{"start":{"line":16,"column":8},"end":{"line":16,"column":82}},"type":"if","locations":[{"start":{"line":16,"column":8},"end":{"line":16,"column":82}},{"start":{"line":16,"column":8},"end":{"line":16,"column":82}}],"line":16},"8":{"loc":{"start":{"line":16,"column":11},"end":{"line":16,"column":47}},"type":"binary-expr","locations":[{"start":{"line":16,"column":11},"end":{"line":16,"column":28}},{"start":{"line":16,"column":32},"end":{"line":16,"column":47}}],"line":16}},"s":{"0":1,"1":4,"2":4,"3":4,"4":4,"5":19,"6":10,"7":10,"8":9,"9":9,"10":9,"11":19,"12":1,"13":19,"14":3,"15":4},"f":{"0":4},"b":{"0":[0],"1":[0],"2":[23,22],"3":[10,9],"4":[9,0],"5":[1,18],"6":[19,1],"7":[3,16],"8":[19,3]},"_coverageSchema":"1a1c01bbd47fc00a2c39e90264f33305004495a9","hash":"bde8a06c05b942e04d968cfd41489dac33c5a9e4"}
}
