{"/Users/prashant/code/personal/algo-in-js/src/algo/ProblemSolvingPattern/frequencyCounterPattern.ts": {"path":"/Users/prashant/code/personal/algo-in-js/src/algo/ProblemSolvingPattern/frequencyCounterPattern.ts","statementMap":{"0":{"start":{"line":8,"column":13},"end":{"line":24,"column":null}},"1":{"start":{"line":10,"column":4},"end":{"line":10,"column":null}},"2":{"start":{"line":10,"column":36},"end":{"line":10,"column":null}},"3":{"start":{"line":11,"column":30},"end":{"line":11,"column":32}},"4":{"start":{"line":12,"column":29},"end":{"line":12,"column":31}},"5":{"start":{"line":13,"column":4},"end":{"line":15,"column":null}},"6":{"start":{"line":13,"column":20},"end":{"line":13,"column":24}},"7":{"start":{"line":13,"column":16},"end":{"line":13,"column":20}},"8":{"start":{"line":14,"column":8},"end":{"line":14,"column":null}},"9":{"start":{"line":16,"column":4},"end":{"line":18,"column":null}},"10":{"start":{"line":16,"column":20},"end":{"line":16,"column":24}},"11":{"start":{"line":16,"column":16},"end":{"line":16,"column":20}},"12":{"start":{"line":17,"column":8},"end":{"line":17,"column":null}},"13":{"start":{"line":19,"column":4},"end":{"line":22,"column":null}},"14":{"start":{"line":20,"column":8},"end":{"line":20,"column":null}},"15":{"start":{"line":20,"column":27},"end":{"line":20,"column":null}},"16":{"start":{"line":21,"column":8},"end":{"line":21,"column":null}},"17":{"start":{"line":21,"column":44},"end":{"line":21,"column":null}},"18":{"start":{"line":23,"column":4},"end":{"line":23,"column":null}},"19":{"start":{"line":27,"column":13},"end":{"line":46,"column":null}},"20":{"start":{"line":28,"column":31},"end":{"line":28,"column":33}},"21":{"start":{"line":29,"column":31},"end":{"line":29,"column":33}},"22":{"start":{"line":31,"column":18},"end":{"line":31,"column":33}},"23":{"start":{"line":32,"column":18},"end":{"line":32,"column":33}},"24":{"start":{"line":33,"column":4},"end":{"line":33,"column":null}},"25":{"start":{"line":33,"column":42},"end":{"line":33,"column":null}},"26":{"start":{"line":35,"column":4},"end":{"line":37,"column":null}},"27":{"start":{"line":35,"column":19},"end":{"line":35,"column":26}},"28":{"start":{"line":35,"column":15},"end":{"line":35,"column":19}},"29":{"start":{"line":36,"column":8},"end":{"line":36,"column":null}},"30":{"start":{"line":38,"column":4},"end":{"line":40,"column":null}},"31":{"start":{"line":38,"column":19},"end":{"line":38,"column":26}},"32":{"start":{"line":38,"column":15},"end":{"line":38,"column":19}},"33":{"start":{"line":39,"column":8},"end":{"line":39,"column":null}},"34":{"start":{"line":41,"column":4},"end":{"line":44,"column":null}},"35":{"start":{"line":41,"column":19},"end":{"line":41,"column":26}},"36":{"start":{"line":41,"column":15},"end":{"line":41,"column":19}},"37":{"start":{"line":42,"column":8},"end":{"line":42,"column":null}},"38":{"start":{"line":42,"column":42},"end":{"line":42,"column":null}},"39":{"start":{"line":43,"column":8},"end":{"line":43,"column":null}},"40":{"start":{"line":43,"column":44},"end":{"line":43,"column":null}},"41":{"start":{"line":45,"column":4},"end":{"line":45,"column":null}},"42":{"start":{"line":61,"column":13},"end":{"line":63,"column":null}},"43":{"start":{"line":61,"column":35},"end":{"line":61,"column":46}},"44":{"start":{"line":62,"column":4},"end":{"line":62,"column":null}}},"fnMap":{"0":{"name":"(anonymous_0)","decl":{"start":{"line":8,"column":30},"end":{"line":8,"column":31}},"loc":{"start":{"line":8,"column":55},"end":{"line":24,"column":1}}},"1":{"name":"(anonymous_1)","decl":{"start":{"line":27,"column":29},"end":{"line":27,"column":30}},"loc":{"start":{"line":27,"column":54},"end":{"line":46,"column":1}}},"2":{"name":"(anonymous_2)","decl":{"start":{"line":61,"column":34},"end":{"line":61,"column":35}},"loc":{"start":{"line":61,"column":34},"end":{"line":63,"column":1}}}},"branchMap":{"0":{"loc":{"start":{"line":10,"column":4},"end":{"line":10,"column":null}},"type":"if","locations":[{"start":{"line":10,"column":4},"end":{"line":10,"column":null}},{"start":{"line":10,"column":4},"end":{"line":10,"column":null}}]},"1":{"loc":{"start":{"line":14,"column":25},"end":{"line":14,"column":41}},"type":"binary-expr","locations":[{"start":{"line":14,"column":25},"end":{"line":14,"column":41}},{"start":{"line":14,"column":45},"end":{"line":14,"column":46}}]},"2":{"loc":{"start":{"line":17,"column":25},"end":{"line":17,"column":41}},"type":"binary-expr","locations":[{"start":{"line":17,"column":25},"end":{"line":17,"column":41}},{"start":{"line":17,"column":45},"end":{"line":17,"column":46}}]},"3":{"loc":{"start":{"line":20,"column":8},"end":{"line":20,"column":null}},"type":"if","locations":[{"start":{"line":20,"column":8},"end":{"line":20,"column":null}},{"start":{"line":20,"column":8},"end":{"line":20,"column":null}}]},"4":{"loc":{"start":{"line":21,"column":8},"end":{"line":21,"column":null}},"type":"if","locations":[{"start":{"line":21,"column":8},"end":{"line":21,"column":null}},{"start":{"line":21,"column":8},"end":{"line":21,"column":null}}]},"5":{"loc":{"start":{"line":33,"column":4},"end":{"line":33,"column":null}},"type":"if","locations":[{"start":{"line":33,"column":4},"end":{"line":33,"column":null}},{"start":{"line":33,"column":4},"end":{"line":33,"column":null}}]},"6":{"loc":{"start":{"line":36,"column":24},"end":{"line":36,"column":39}},"type":"binary-expr","locations":[{"start":{"line":36,"column":24},"end":{"line":36,"column":39}},{"start":{"line":36,"column":43},"end":{"line":36,"column":44}}]},"7":{"loc":{"start":{"line":39,"column":24},"end":{"line":39,"column":39}},"type":"binary-expr","locations":[{"start":{"line":39,"column":24},"end":{"line":39,"column":39}},{"start":{"line":39,"column":43},"end":{"line":39,"column":44}}]},"8":{"loc":{"start":{"line":42,"column":8},"end":{"line":42,"column":null}},"type":"if","locations":[{"start":{"line":42,"column":8},"end":{"line":42,"column":null}},{"start":{"line":42,"column":8},"end":{"line":42,"column":null}}]},"9":{"loc":{"start":{"line":43,"column":8},"end":{"line":43,"column":null}},"type":"if","locations":[{"start":{"line":43,"column":8},"end":{"line":43,"column":null}},{"start":{"line":43,"column":8},"end":{"line":43,"column":null}}]}},"s":{"0":1,"1":6,"2":1,"3":5,"4":5,"5":5,"6":10,"7":19,"8":19,"9":5,"10":10,"11":19,"12":19,"13":5,"14":13,"15":1,"16":12,"17":1,"18":3,"19":1,"20":5,"21":5,"22":5,"23":5,"24":5,"25":1,"26":4,"27":8,"28":19,"29":19,"30":4,"31":8,"32":19,"33":19,"34":4,"35":8,"36":13,"37":13,"38":1,"39":12,"40":1,"41":2,"42":1,"43":21,"44":3},"f":{"0":6,"1":5,"2":3},"b":{"0":[1,5],"1":[19,16],"2":[19,16],"3":[1,12],"4":[1,11],"5":[1,4],"6":[19,15],"7":[19,15],"8":[1,12],"9":[1,11]}}
,"/Users/prashant/code/personal/algo-in-js/src/algo/ProblemSolvingPattern/multiplePointersPattern.ts": {"path":"/Users/prashant/code/personal/algo-in-js/src/algo/ProblemSolvingPattern/multiplePointersPattern.ts","statementMap":{"0":{"start":{"line":3,"column":13},"end":{"line":20,"column":null}},"1":{"start":{"line":4,"column":2},"end":{"line":4,"column":null}},"2":{"start":{"line":4,"column":22},"end":{"line":4,"column":null}},"3":{"start":{"line":5,"column":13},"end":{"line":5,"column":14}},"4":{"start":{"line":6,"column":15},"end":{"line":6,"column":16}},"5":{"start":{"line":7,"column":14},"end":{"line":7,"column":15}},"6":{"start":{"line":8,"column":2},"end":{"line":18,"column":null}},"7":{"start":{"line":8,"column":15},"end":{"line":8,"column":16}},"8":{"start":{"line":9,"column":4},"end":{"line":17,"column":null}},"9":{"start":{"line":10,"column":6},"end":{"line":10,"column":null}},"10":{"start":{"line":11,"column":6},"end":{"line":11,"column":null}},"11":{"start":{"line":14,"column":6},"end":{"line":14,"column":null}},"12":{"start":{"line":15,"column":6},"end":{"line":15,"column":null}},"13":{"start":{"line":16,"column":6},"end":{"line":16,"column":null}},"14":{"start":{"line":19,"column":2},"end":{"line":19,"column":null}},"15":{"start":{"line":22,"column":29},"end":{"line":32,"column":1}},"16":{"start":{"line":23,"column":2},"end":{"line":23,"column":33}},"17":{"start":{"line":23,"column":24},"end":{"line":23,"column":33}},"18":{"start":{"line":24,"column":10},"end":{"line":24,"column":11}},"19":{"start":{"line":25,"column":2},"end":{"line":30,"column":null}},"20":{"start":{"line":25,"column":15},"end":{"line":25,"column":16}},"21":{"start":{"line":26,"column":4},"end":{"line":29,"column":null}},"22":{"start":{"line":27,"column":6},"end":{"line":27,"column":10}},"23":{"start":{"line":28,"column":6},"end":{"line":28,"column":null}},"24":{"start":{"line":31,"column":2},"end":{"line":31,"column":15}},"25":{"start":{"line":34,"column":13},"end":{"line":44,"column":null}},"26":{"start":{"line":35,"column":14},"end":{"line":35,"column":15}},"27":{"start":{"line":36,"column":12},"end":{"line":36,"column":26}},"28":{"start":{"line":37,"column":2},"end":{"line":42,"column":null}},"29":{"start":{"line":38,"column":14},"end":{"line":38,"column":41}},"30":{"start":{"line":39,"column":4},"end":{"line":41,"column":null}},"31":{"start":{"line":39,"column":21},"end":{"line":39,"column":33}},"32":{"start":{"line":40,"column":9},"end":{"line":41,"column":null}},"33":{"start":{"line":40,"column":24},"end":{"line":40,"column":null}},"34":{"start":{"line":41,"column":9},"end":{"line":41,"column":null}},"35":{"start":{"line":43,"column":2},"end":{"line":43,"column":15}},"36":{"start":{"line":47,"column":13},"end":{"line":62,"column":null}},"37":{"start":{"line":48,"column":14},"end":{"line":48,"column":21}},"38":{"start":{"line":48,"column":31},"end":{"line":48,"column":38}},"39":{"start":{"line":49,"column":10},"end":{"line":49,"column":11}},"40":{"start":{"line":49,"column":17},"end":{"line":49,"column":18}},"41":{"start":{"line":50,"column":2},"end":{"line":50,"column":25}},"42":{"start":{"line":50,"column":13},"end":{"line":50,"column":25}},"43":{"start":{"line":51,"column":2},"end":{"line":60,"column":null}},"44":{"start":{"line":52,"column":4},"end":{"line":55,"column":null}},"45":{"start":{"line":53,"column":6},"end":{"line":53,"column":null}},"46":{"start":{"line":54,"column":6},"end":{"line":54,"column":null}},"47":{"start":{"line":56,"column":4},"end":{"line":58,"column":null}},"48":{"start":{"line":57,"column":6},"end":{"line":57,"column":null}},"49":{"start":{"line":59,"column":4},"end":{"line":59,"column":null}},"50":{"start":{"line":59,"column":27},"end":{"line":59,"column":null}},"51":{"start":{"line":61,"column":2},"end":{"line":61,"column":null}}},"fnMap":{"0":{"name":"(anonymous_0)","decl":{"start":{"line":3,"column":33},"end":{"line":3,"column":34}},"loc":{"start":{"line":3,"column":49},"end":{"line":20,"column":1}}},"1":{"name":"(anonymous_1)","decl":{"start":{"line":22,"column":29},"end":{"line":22,"column":30}},"loc":{"start":{"line":22,"column":45},"end":{"line":32,"column":1}}},"2":{"name":"(anonymous_2)","decl":{"start":{"line":34,"column":27},"end":{"line":34,"column":28}},"loc":{"start":{"line":34,"column":59},"end":{"line":44,"column":1}}},"3":{"name":"(anonymous_3)","decl":{"start":{"line":47,"column":29},"end":{"line":47,"column":30}},"loc":{"start":{"line":47,"column":56},"end":{"line":62,"column":1}}}},"branchMap":{"0":{"loc":{"start":{"line":4,"column":2},"end":{"line":4,"column":null}},"type":"if","locations":[{"start":{"line":4,"column":2},"end":{"line":4,"column":null}},{"start":{"line":4,"column":2},"end":{"line":4,"column":null}}]},"1":{"loc":{"start":{"line":9,"column":4},"end":{"line":17,"column":null}},"type":"if","locations":[{"start":{"line":9,"column":4},"end":{"line":17,"column":null}},{"start":{"line":9,"column":4},"end":{"line":17,"column":null}}]},"2":{"loc":{"start":{"line":23,"column":2},"end":{"line":23,"column":33}},"type":"if","locations":[{"start":{"line":23,"column":2},"end":{"line":23,"column":33}},{"start":{"line":23,"column":2},"end":{"line":23,"column":33}}]},"3":{"loc":{"start":{"line":26,"column":4},"end":{"line":29,"column":null}},"type":"if","locations":[{"start":{"line":26,"column":4},"end":{"line":29,"column":null}},{"start":{"line":26,"column":4},"end":{"line":29,"column":null}}]},"4":{"loc":{"start":{"line":39,"column":4},"end":{"line":41,"column":null}},"type":"if","locations":[{"start":{"line":39,"column":4},"end":{"line":41,"column":null}},{"start":{"line":39,"column":4},"end":{"line":41,"column":null}}]},"5":{"loc":{"start":{"line":40,"column":9},"end":{"line":41,"column":null}},"type":"if","locations":[{"start":{"line":40,"column":9},"end":{"line":41,"column":null}},{"start":{"line":40,"column":9},"end":{"line":41,"column":null}}]},"6":{"loc":{"start":{"line":50,"column":2},"end":{"line":50,"column":25}},"type":"if","locations":[{"start":{"line":50,"column":2},"end":{"line":50,"column":25}},{"start":{"line":50,"column":2},"end":{"line":50,"column":25}}]},"7":{"loc":{"start":{"line":52,"column":4},"end":{"line":55,"column":null}},"type":"if","locations":[{"start":{"line":52,"column":4},"end":{"line":55,"column":null}},{"start":{"line":52,"column":4},"end":{"line":55,"column":null}}]},"8":{"loc":{"start":{"line":56,"column":4},"end":{"line":58,"column":null}},"type":"if","locations":[{"start":{"line":56,"column":4},"end":{"line":58,"column":null}},{"start":{"line":56,"column":4},"end":{"line":58,"column":null}}]},"9":{"loc":{"start":{"line":59,"column":4},"end":{"line":59,"column":null}},"type":"if","locations":[{"start":{"line":59,"column":4},"end":{"line":59,"column":null}},{"start":{"line":59,"column":4},"end":{"line":59,"column":null}}]}},"s":{"0":1,"1":5,"2":1,"3":4,"4":4,"5":4,"6":4,"7":4,"8":27,"9":11,"10":11,"11":16,"12":16,"13":16,"14":4,"15":1,"16":0,"17":0,"18":0,"19":0,"20":0,"21":0,"22":0,"23":0,"24":0,"25":1,"26":2,"27":2,"28":2,"29":9,"30":9,"31":2,"32":7,"33":5,"34":2,"35":0,"36":1,"37":4,"38":4,"39":4,"40":4,"41":4,"42":0,"43":4,"44":16,"45":14,"46":14,"47":16,"48":8,"49":16,"50":1,"51":3},"f":{"0":5,"1":0,"2":2,"3":4},"b":{"0":[1,4],"1":[11,16],"2":[0,0],"3":[0,0],"4":[2,7],"5":[5,2],"6":[0,4],"7":[14,2],"8":[8,8],"9":[1,15]}}
,"/Users/prashant/code/personal/algo-in-js/src/algo/ProblemSolvingPattern/slidingWindowPattern.ts": {"path":"/Users/prashant/code/personal/algo-in-js/src/algo/ProblemSolvingPattern/slidingWindowPattern.ts","statementMap":{"0":{"start":{"line":1,"column":13},"end":{"line":15,"column":null}},"1":{"start":{"line":2,"column":2},"end":{"line":2,"column":null}},"2":{"start":{"line":2,"column":24},"end":{"line":2,"column":null}},"3":{"start":{"line":4,"column":15},"end":{"line":4,"column":16}},"4":{"start":{"line":6,"column":2},"end":{"line":8,"column":null}},"5":{"start":{"line":6,"column":15},"end":{"line":6,"column":16}},"6":{"start":{"line":7,"column":4},"end":{"line":7,"column":null}},"7":{"start":{"line":9,"column":16},"end":{"line":9,"column":22}},"8":{"start":{"line":10,"column":2},"end":{"line":13,"column":null}},"9":{"start":{"line":10,"column":15},"end":{"line":10,"column":16}},"10":{"start":{"line":11,"column":4},"end":{"line":11,"column":null}},"11":{"start":{"line":12,"column":4},"end":{"line":12,"column":39}},"12":{"start":{"line":14,"column":2},"end":{"line":14,"column":null}},"13":{"start":{"line":17,"column":13},"end":{"line":37,"column":null}},"14":{"start":{"line":18,"column":14},"end":{"line":18,"column":15}},"15":{"start":{"line":18,"column":23},"end":{"line":18,"column":24}},"16":{"start":{"line":18,"column":34},"end":{"line":18,"column":35}},"17":{"start":{"line":19,"column":15},"end":{"line":19,"column":23}},"18":{"start":{"line":21,"column":2},"end":{"line":35,"column":null}},"19":{"start":{"line":22,"column":4},"end":{"line":33,"column":null}},"20":{"start":{"line":23,"column":6},"end":{"line":23,"column":null}},"21":{"start":{"line":24,"column":6},"end":{"line":24,"column":null}},"22":{"start":{"line":26,"column":9},"end":{"line":33,"column":null}},"23":{"start":{"line":27,"column":6},"end":{"line":27,"column":null}},"24":{"start":{"line":28,"column":6},"end":{"line":28,"column":null}},"25":{"start":{"line":29,"column":6},"end":{"line":29,"column":null}},"26":{"start":{"line":32,"column":6},"end":{"line":32,"column":11}},"27":{"start":{"line":36,"column":2},"end":{"line":36,"column":null}},"28":{"start":{"line":41,"column":13},"end":{"line":57,"column":null}},"29":{"start":{"line":42,"column":16},"end":{"line":42,"column":17}},"30":{"start":{"line":43,"column":24},"end":{"line":43,"column":26}},"31":{"start":{"line":44,"column":14},"end":{"line":44,"column":15}},"32":{"start":{"line":46,"column":2},"end":{"line":55,"column":null}},"33":{"start":{"line":46,"column":15},"end":{"line":46,"column":16}},"34":{"start":{"line":47,"column":15},"end":{"line":47,"column":21}},"35":{"start":{"line":48,"column":4},"end":{"line":50,"column":null}},"36":{"start":{"line":49,"column":6},"end":{"line":49,"column":42}},"37":{"start":{"line":52,"column":4},"end":{"line":52,"column":47}},"38":{"start":{"line":54,"column":4},"end":{"line":54,"column":23}},"39":{"start":{"line":56,"column":2},"end":{"line":56,"column":17}}},"fnMap":{"0":{"name":"(anonymous_0)","decl":{"start":{"line":1,"column":30},"end":{"line":1,"column":31}},"loc":{"start":{"line":1,"column":62},"end":{"line":15,"column":1}}},"1":{"name":"(anonymous_1)","decl":{"start":{"line":17,"column":30},"end":{"line":17,"column":31}},"loc":{"start":{"line":17,"column":63},"end":{"line":37,"column":1}}},"2":{"name":"(anonymous_2)","decl":{"start":{"line":41,"column":36},"end":{"line":41,"column":37}},"loc":{"start":{"line":41,"column":48},"end":{"line":57,"column":1}}}},"branchMap":{"0":{"loc":{"start":{"line":2,"column":2},"end":{"line":2,"column":null}},"type":"if","locations":[{"start":{"line":2,"column":2},"end":{"line":2,"column":null}},{"start":{"line":2,"column":2},"end":{"line":2,"column":null}}]},"1":{"loc":{"start":{"line":22,"column":4},"end":{"line":33,"column":null}},"type":"if","locations":[{"start":{"line":22,"column":4},"end":{"line":33,"column":null}},{"start":{"line":22,"column":4},"end":{"line":33,"column":null}}]},"2":{"loc":{"start":{"line":22,"column":8},"end":{"line":22,"column":19}},"type":"binary-expr","locations":[{"start":{"line":22,"column":8},"end":{"line":22,"column":19}},{"start":{"line":22,"column":23},"end":{"line":22,"column":40}}]},"3":{"loc":{"start":{"line":26,"column":9},"end":{"line":33,"column":null}},"type":"if","locations":[{"start":{"line":26,"column":9},"end":{"line":33,"column":null}},{"start":{"line":26,"column":9},"end":{"line":33,"column":null}}]},"4":{"loc":{"start":{"line":36,"column":31},"end":{"line":36,"column":32}},"type":"cond-expr","locations":[{"start":{"line":36,"column":31},"end":{"line":36,"column":32}},{"start":{"line":36,"column":35},"end":{"line":36,"column":41}}]},"5":{"loc":{"start":{"line":48,"column":4},"end":{"line":50,"column":null}},"type":"if","locations":[{"start":{"line":48,"column":4},"end":{"line":50,"column":null}},{"start":{"line":48,"column":4},"end":{"line":50,"column":null}}]}},"s":{"0":1,"1":5,"2":1,"3":4,"4":4,"5":4,"6":10,"7":4,"8":4,"9":4,"10":18,"11":18,"12":4,"13":1,"14":7,"15":7,"16":7,"17":7,"18":7,"19":95,"20":56,"21":56,"22":39,"23":32,"24":32,"25":32,"26":7,"27":7,"28":1,"29":7,"30":7,"31":7,"32":7,"33":7,"34":75,"35":75,"36":30,"37":75,"38":75,"39":7},"f":{"0":5,"1":7,"2":7},"b":{"0":[1,4],"1":[56,39],"2":[95,63],"3":[32,7],"4":[1,6],"5":[30,45]}}
,"/Users/prashant/code/personal/algo-in-js/src/ds/SinglyLinkedList.ts": {"path":"/Users/prashant/code/personal/algo-in-js/src/ds/SinglyLinkedList.ts","statementMap":{"0":{"start":{"line":1,"column":0},"end":{"line":1,"column":null}},"1":{"start":{"line":5,"column":8},"end":{"line":5,"column":null}},"2":{"start":{"line":6,"column":8},"end":{"line":6,"column":null}},"3":{"start":{"line":8,"column":0},"end":{"line":8,"column":null}},"4":{"start":{"line":10,"column":0},"end":{"line":10,"column":null}},"5":{"start":{"line":15,"column":8},"end":{"line":15,"column":null}},"6":{"start":{"line":16,"column":8},"end":{"line":16,"column":null}},"7":{"start":{"line":17,"column":8},"end":{"line":17,"column":null}},"8":{"start":{"line":20,"column":4},"end":{"line":32,"column":null}},"9":{"start":{"line":21,"column":21},"end":{"line":21,"column":36}},"10":{"start":{"line":22,"column":8},"end":{"line":29,"column":null}},"11":{"start":{"line":23,"column":12},"end":{"line":23,"column":null}},"12":{"start":{"line":24,"column":12},"end":{"line":24,"column":null}},"13":{"start":{"line":27,"column":12},"end":{"line":27,"column":null}},"14":{"start":{"line":28,"column":12},"end":{"line":28,"column":null}},"15":{"start":{"line":30,"column":8},"end":{"line":30,"column":null}},"16":{"start":{"line":31,"column":8},"end":{"line":31,"column":null}},"17":{"start":{"line":34,"column":4},"end":{"line":50,"column":null}},"18":{"start":{"line":35,"column":8},"end":{"line":35,"column":null}},"19":{"start":{"line":35,"column":24},"end":{"line":35,"column":null}},"20":{"start":{"line":36,"column":26},"end":{"line":36,"column":36}},"21":{"start":{"line":37,"column":27},"end":{"line":37,"column":38}},"22":{"start":{"line":38,"column":8},"end":{"line":41,"column":null}},"23":{"start":{"line":39,"column":12},"end":{"line":39,"column":null}},"24":{"start":{"line":40,"column":12},"end":{"line":40,"column":null}},"25":{"start":{"line":42,"column":8},"end":{"line":42,"column":null}},"26":{"start":{"line":43,"column":8},"end":{"line":43,"column":null}},"27":{"start":{"line":44,"column":8},"end":{"line":44,"column":null}},"28":{"start":{"line":45,"column":8},"end":{"line":48,"column":null}},"29":{"start":{"line":46,"column":12},"end":{"line":46,"column":null}},"30":{"start":{"line":47,"column":12},"end":{"line":47,"column":null}},"31":{"start":{"line":49,"column":8},"end":{"line":49,"column":null}},"32":{"start":{"line":52,"column":4},"end":{"line":62,"column":null}},"33":{"start":{"line":53,"column":8},"end":{"line":53,"column":null}},"34":{"start":{"line":53,"column":24},"end":{"line":53,"column":null}},"35":{"start":{"line":54,"column":26},"end":{"line":54,"column":36}},"36":{"start":{"line":55,"column":8},"end":{"line":55,"column":null}},"37":{"start":{"line":56,"column":8},"end":{"line":56,"column":null}},"38":{"start":{"line":57,"column":8},"end":{"line":60,"column":null}},"39":{"start":{"line":58,"column":12},"end":{"line":58,"column":null}},"40":{"start":{"line":59,"column":12},"end":{"line":59,"column":null}},"41":{"start":{"line":61,"column":8},"end":{"line":61,"column":null}},"42":{"start":{"line":64,"column":4},"end":{"line":77,"column":null}},"43":{"start":{"line":65,"column":21},"end":{"line":65,"column":36}},"44":{"start":{"line":66,"column":8},"end":{"line":66,"column":null}},"45":{"start":{"line":67,"column":8},"end":{"line":74,"column":null}},"46":{"start":{"line":68,"column":12},"end":{"line":68,"column":null}},"47":{"start":{"line":69,"column":12},"end":{"line":69,"column":null}},"48":{"start":{"line":72,"column":12},"end":{"line":72,"column":null}},"49":{"start":{"line":73,"column":12},"end":{"line":73,"column":null}},"50":{"start":{"line":75,"column":8},"end":{"line":75,"column":null}},"51":{"start":{"line":76,"column":8},"end":{"line":76,"column":null}},"52":{"start":{"line":80,"column":4},"end":{"line":82,"column":null}},"53":{"start":{"line":81,"column":8},"end":{"line":81,"column":null}},"54":{"start":{"line":85,"column":4},"end":{"line":87,"column":null}},"55":{"start":{"line":86,"column":8},"end":{"line":86,"column":null}},"56":{"start":{"line":90,"column":4},"end":{"line":92,"column":null}},"57":{"start":{"line":91,"column":8},"end":{"line":91,"column":null}},"58":{"start":{"line":94,"column":4},"end":{"line":104,"column":null}},"59":{"start":{"line":95,"column":8},"end":{"line":95,"column":null}},"60":{"start":{"line":95,"column":44},"end":{"line":95,"column":null}},"61":{"start":{"line":97,"column":23},"end":{"line":97,"column":24}},"62":{"start":{"line":98,"column":24},"end":{"line":98,"column":34}},"63":{"start":{"line":99,"column":8},"end":{"line":102,"column":null}},"64":{"start":{"line":100,"column":12},"end":{"line":100,"column":null}},"65":{"start":{"line":101,"column":12},"end":{"line":101,"column":null}},"66":{"start":{"line":103,"column":8},"end":{"line":103,"column":null}},"67":{"start":{"line":106,"column":4},"end":{"line":111,"column":null}},"68":{"start":{"line":107,"column":19},"end":{"line":107,"column":34}},"69":{"start":{"line":108,"column":8},"end":{"line":108,"column":null}},"70":{"start":{"line":108,"column":18},"end":{"line":108,"column":null}},"71":{"start":{"line":109,"column":8},"end":{"line":109,"column":null}},"72":{"start":{"line":110,"column":8},"end":{"line":110,"column":null}},"73":{"start":{"line":113,"column":4},"end":{"line":123,"column":null}},"74":{"start":{"line":114,"column":8},"end":{"line":114,"column":null}},"75":{"start":{"line":114,"column":46},"end":{"line":114,"column":null}},"76":{"start":{"line":115,"column":8},"end":{"line":115,"column":null}},"77":{"start":{"line":115,"column":46},"end":{"line":115,"column":null}},"78":{"start":{"line":116,"column":8},"end":{"line":116,"column":null}},"79":{"start":{"line":116,"column":54},"end":{"line":116,"column":null}},"80":{"start":{"line":117,"column":27},"end":{"line":117,"column":44}},"81":{"start":{"line":118,"column":25},"end":{"line":118,"column":40}},"82":{"start":{"line":119,"column":19},"end":{"line":119,"column":45}},"83":{"start":{"line":120,"column":8},"end":{"line":120,"column":null}},"84":{"start":{"line":121,"column":8},"end":{"line":121,"column":null}},"85":{"start":{"line":122,"column":8},"end":{"line":122,"column":null}},"86":{"start":{"line":124,"column":0},"end":{"line":124,"column":null}},"87":{"start":{"line":127,"column":9},"end":{"line":127,"column":25}}},"fnMap":{"0":{"name":"(anonymous_0)","decl":{"start":{"line":1,"column":0},"end":{"line":1,"column":null}},"loc":{"start":{"line":1,"column":0},"end":{"line":8,"column":null}}},"1":{"name":"Node","decl":{"start":{"line":4,"column":4},"end":{"line":4,"column":16}},"loc":{"start":{"line":4,"column":41},"end":{"line":7,"column":5}}},"2":{"name":"(anonymous_2)","decl":{"start":{"line":10,"column":0},"end":{"line":10,"column":null}},"loc":{"start":{"line":10,"column":0},"end":{"line":124,"column":null}}},"3":{"name":"SinglyLinkedList","decl":{"start":{"line":14,"column":4},"end":{"line":14,"column":null}},"loc":{"start":{"line":14,"column":4},"end":{"line":18,"column":5}}},"4":{"name":"(anonymous_4)","decl":{"start":{"line":20,"column":4},"end":{"line":20,"column":8}},"loc":{"start":{"line":20,"column":21},"end":{"line":32,"column":5}}},"5":{"name":"(anonymous_5)","decl":{"start":{"line":34,"column":4},"end":{"line":34,"column":7}},"loc":{"start":{"line":34,"column":4},"end":{"line":50,"column":5}}},"6":{"name":"(anonymous_6)","decl":{"start":{"line":52,"column":4},"end":{"line":52,"column":9}},"loc":{"start":{"line":52,"column":4},"end":{"line":62,"column":5}}},"7":{"name":"(anonymous_7)","decl":{"start":{"line":64,"column":4},"end":{"line":64,"column":11}},"loc":{"start":{"line":64,"column":26},"end":{"line":77,"column":5}}},"8":{"name":"(anonymous_8)","decl":{"start":{"line":80,"column":4},"end":{"line":80,"column":8}},"loc":{"start":{"line":80,"column":4},"end":{"line":82,"column":5}}},"9":{"name":"(anonymous_9)","decl":{"start":{"line":85,"column":4},"end":{"line":85,"column":8}},"loc":{"start":{"line":85,"column":4},"end":{"line":87,"column":5}}},"10":{"name":"(anonymous_10)","decl":{"start":{"line":90,"column":4},"end":{"line":90,"column":8}},"loc":{"start":{"line":90,"column":4},"end":{"line":92,"column":5}}},"11":{"name":"(anonymous_11)","decl":{"start":{"line":94,"column":4},"end":{"line":94,"column":7}},"loc":{"start":{"line":94,"column":19},"end":{"line":104,"column":5}}},"12":{"name":"(anonymous_12)","decl":{"start":{"line":106,"column":4},"end":{"line":106,"column":7}},"loc":{"start":{"line":106,"column":36},"end":{"line":111,"column":5}}},"13":{"name":"(anonymous_13)","decl":{"start":{"line":113,"column":4},"end":{"line":113,"column":10}},"loc":{"start":{"line":113,"column":39},"end":{"line":123,"column":5}}}},"branchMap":{"0":{"loc":{"start":{"line":6,"column":20},"end":{"line":6,"column":24}},"type":"binary-expr","locations":[{"start":{"line":6,"column":20},"end":{"line":6,"column":24}},{"start":{"line":6,"column":28},"end":{"line":6,"column":32}}]},"1":{"loc":{"start":{"line":22,"column":8},"end":{"line":29,"column":null}},"type":"if","locations":[{"start":{"line":22,"column":8},"end":{"line":29,"column":null}},{"start":{"line":22,"column":8},"end":{"line":29,"column":null}}]},"2":{"loc":{"start":{"line":35,"column":8},"end":{"line":35,"column":null}},"type":"if","locations":[{"start":{"line":35,"column":8},"end":{"line":35,"column":null}},{"start":{"line":35,"column":8},"end":{"line":35,"column":null}}]},"3":{"loc":{"start":{"line":45,"column":8},"end":{"line":48,"column":null}},"type":"if","locations":[{"start":{"line":45,"column":8},"end":{"line":48,"column":null}},{"start":{"line":45,"column":8},"end":{"line":48,"column":null}}]},"4":{"loc":{"start":{"line":53,"column":8},"end":{"line":53,"column":null}},"type":"if","locations":[{"start":{"line":53,"column":8},"end":{"line":53,"column":null}},{"start":{"line":53,"column":8},"end":{"line":53,"column":null}}]},"5":{"loc":{"start":{"line":57,"column":8},"end":{"line":60,"column":null}},"type":"if","locations":[{"start":{"line":57,"column":8},"end":{"line":60,"column":null}},{"start":{"line":57,"column":8},"end":{"line":60,"column":null}}]},"6":{"loc":{"start":{"line":67,"column":8},"end":{"line":74,"column":null}},"type":"if","locations":[{"start":{"line":67,"column":8},"end":{"line":74,"column":null}},{"start":{"line":67,"column":8},"end":{"line":74,"column":null}}]},"7":{"loc":{"start":{"line":95,"column":8},"end":{"line":95,"column":null}},"type":"if","locations":[{"start":{"line":95,"column":8},"end":{"line":95,"column":null}},{"start":{"line":95,"column":8},"end":{"line":95,"column":null}}]},"8":{"loc":{"start":{"line":95,"column":12},"end":{"line":95,"column":19}},"type":"binary-expr","locations":[{"start":{"line":95,"column":12},"end":{"line":95,"column":19}},{"start":{"line":95,"column":23},"end":{"line":95,"column":42}}]},"9":{"loc":{"start":{"line":108,"column":8},"end":{"line":108,"column":null}},"type":"if","locations":[{"start":{"line":108,"column":8},"end":{"line":108,"column":null}},{"start":{"line":108,"column":8},"end":{"line":108,"column":null}}]},"10":{"loc":{"start":{"line":114,"column":8},"end":{"line":114,"column":null}},"type":"if","locations":[{"start":{"line":114,"column":8},"end":{"line":114,"column":null}},{"start":{"line":114,"column":8},"end":{"line":114,"column":null}}]},"11":{"loc":{"start":{"line":114,"column":11},"end":{"line":114,"column":20}},"type":"binary-expr","locations":[{"start":{"line":114,"column":11},"end":{"line":114,"column":20}},{"start":{"line":114,"column":24},"end":{"line":114,"column":44}}]},"12":{"loc":{"start":{"line":115,"column":8},"end":{"line":115,"column":null}},"type":"if","locations":[{"start":{"line":115,"column":8},"end":{"line":115,"column":null}},{"start":{"line":115,"column":8},"end":{"line":115,"column":null}}]},"13":{"loc":{"start":{"line":115,"column":11},"end":{"line":115,"column":21}},"type":"binary-expr","locations":[{"start":{"line":115,"column":11},"end":{"line":115,"column":21}},{"start":{"line":115,"column":25},"end":{"line":115,"column":44}}]},"14":{"loc":{"start":{"line":116,"column":8},"end":{"line":116,"column":null}},"type":"if","locations":[{"start":{"line":116,"column":8},"end":{"line":116,"column":null}},{"start":{"line":116,"column":8},"end":{"line":116,"column":null}}]},"15":{"loc":{"start":{"line":116,"column":11},"end":{"line":116,"column":32}},"type":"binary-expr","locations":[{"start":{"line":116,"column":11},"end":{"line":116,"column":32}},{"start":{"line":116,"column":36},"end":{"line":116,"column":52}}]}},"s":{"0":1,"1":24,"2":24,"3":1,"4":1,"5":9,"6":9,"7":9,"8":1,"9":19,"10":19,"11":6,"12":6,"13":13,"14":13,"15":19,"16":19,"17":1,"18":4,"19":1,"20":3,"21":3,"22":3,"23":3,"24":3,"25":3,"26":3,"27":3,"28":3,"29":1,"30":1,"31":3,"32":1,"33":4,"34":1,"35":3,"36":3,"37":3,"38":3,"39":1,"40":1,"41":3,"42":1,"43":4,"44":4,"45":4,"46":1,"47":1,"48":3,"49":3,"50":4,"51":4,"52":1,"53":24,"54":1,"55":11,"56":1,"57":18,"58":1,"59":18,"60":4,"61":14,"62":14,"63":14,"64":18,"65":18,"66":14,"67":1,"68":3,"69":3,"70":1,"71":2,"72":2,"73":1,"74":4,"75":1,"76":3,"77":1,"78":2,"79":1,"80":1,"81":1,"82":1,"83":1,"84":1,"85":1,"86":1,"87":1},"f":{"0":1,"1":24,"2":1,"3":9,"4":19,"5":4,"6":4,"7":4,"8":24,"9":11,"10":18,"11":18,"12":3,"13":4},"b":{"0":[24,23],"1":[6,13],"2":[1,3],"3":[1,2],"4":[1,3],"5":[1,2],"6":[1,3],"7":[4,14],"8":[18,17],"9":[1,2],"10":[1,3],"11":[4,4],"12":[1,2],"13":[3,1],"14":[1,1],"15":[2,1]}}
}
