TN:
SF:src/algo/ProblemSolvingPattern/frequencyCounterPattern.ts
FN:8,(anonymous_0)
FN:27,(anonymous_1)
FN:61,(anonymous_2)
FNF:3
FNH:3
FNDA:6,(anonymous_0)
FNDA:5,(anonymous_1)
FNDA:3,(anonymous_2)
DA:8,1
DA:10,6
DA:11,5
DA:12,5
DA:13,19
DA:14,19
DA:16,19
DA:17,19
DA:19,5
DA:20,13
DA:21,12
DA:23,3
DA:27,1
DA:28,5
DA:29,5
DA:31,5
DA:32,5
DA:33,5
DA:35,19
DA:36,19
DA:38,19
DA:39,19
DA:41,13
DA:42,13
DA:43,12
DA:45,2
DA:61,21
DA:62,3
LF:28
LH:28
BRDA:10,0,0,1
BRDA:10,0,1,5
BRDA:14,1,0,19
BRDA:14,1,1,16
BRDA:17,2,0,19
BRDA:17,2,1,16
BRDA:20,3,0,1
BRDA:20,3,1,12
BRDA:21,4,0,1
BRDA:21,4,1,11
BRDA:33,5,0,1
BRDA:33,5,1,4
BRDA:36,6,0,19
BRDA:36,6,1,15
BRDA:39,7,0,19
BRDA:39,7,1,15
BRDA:42,8,0,1
BRDA:42,8,1,12
BRDA:43,9,0,1
BRDA:43,9,1,11
BRF:20
BRH:20
end_of_record
TN:
SF:src/algo/ProblemSolvingPattern/multiplePointersPattern.ts
FN:3,(anonymous_0)
FN:22,(anonymous_1)
FN:34,(anonymous_2)
FN:47,(anonymous_3)
FNF:4
FNH:3
FNDA:5,(anonymous_0)
FNDA:0,(anonymous_1)
FNDA:2,(anonymous_2)
FNDA:4,(anonymous_3)
DA:3,1
DA:4,5
DA:5,4
DA:6,4
DA:7,4
DA:8,4
DA:9,27
DA:10,11
DA:11,11
DA:14,16
DA:15,16
DA:16,16
DA:19,4
DA:22,1
DA:23,0
DA:24,0
DA:25,0
DA:26,0
DA:27,0
DA:28,0
DA:31,0
DA:34,1
DA:35,2
DA:36,2
DA:37,2
DA:38,9
DA:39,9
DA:40,7
DA:41,2
DA:43,0
DA:47,1
DA:48,4
DA:49,4
DA:50,4
DA:51,4
DA:52,16
DA:53,14
DA:54,14
DA:56,16
DA:57,8
DA:59,16
DA:61,3
LF:42
LH:34
BRDA:4,0,0,1
BRDA:4,0,1,4
BRDA:9,1,0,11
BRDA:9,1,1,16
BRDA:23,2,0,0
BRDA:23,2,1,0
BRDA:26,3,0,0
BRDA:26,3,1,0
BRDA:39,4,0,2
BRDA:39,4,1,7
BRDA:40,5,0,5
BRDA:40,5,1,2
BRDA:50,6,0,0
BRDA:50,6,1,4
BRDA:52,7,0,14
BRDA:52,7,1,2
BRDA:56,8,0,8
BRDA:56,8,1,8
BRDA:59,9,0,1
BRDA:59,9,1,15
BRF:20
BRH:15
end_of_record
TN:
SF:src/algo/ProblemSolvingPattern/slidingWindowPattern.ts
FN:1,(anonymous_0)
FN:17,(anonymous_1)
FN:41,(anonymous_2)
FNF:3
FNH:3
FNDA:5,(anonymous_0)
FNDA:7,(anonymous_1)
FNDA:7,(anonymous_2)
DA:1,1
DA:2,5
DA:4,4
DA:6,4
DA:7,10
DA:9,4
DA:10,4
DA:11,18
DA:12,18
DA:14,4
DA:17,1
DA:18,7
DA:19,7
DA:21,7
DA:22,95
DA:23,56
DA:24,56
DA:26,39
DA:27,32
DA:28,32
DA:29,32
DA:32,7
DA:36,7
DA:41,1
DA:42,7
DA:43,7
DA:44,7
DA:46,7
DA:47,75
DA:48,75
DA:49,30
DA:52,75
DA:54,75
DA:56,7
LF:34
LH:34
BRDA:2,0,0,1
BRDA:2,0,1,4
BRDA:22,1,0,56
BRDA:22,1,1,39
BRDA:22,2,0,95
BRDA:22,2,1,63
BRDA:26,3,0,32
BRDA:26,3,1,7
BRDA:36,4,0,1
BRDA:36,4,1,6
BRDA:48,5,0,30
BRDA:48,5,1,45
BRF:12
BRH:12
end_of_record
TN:
SF:src/ds/SinglyLinkedList.ts
FN:1,(anonymous_0)
FN:4,Node
FN:10,(anonymous_2)
FN:14,SinglyLinkedList
FN:20,(anonymous_4)
FN:34,(anonymous_5)
FN:52,(anonymous_6)
FN:64,(anonymous_7)
FN:80,(anonymous_8)
FN:85,(anonymous_9)
FN:90,(anonymous_10)
FN:94,(anonymous_11)
FN:106,(anonymous_12)
FN:113,(anonymous_13)
FNF:14
FNH:14
FNDA:1,(anonymous_0)
FNDA:24,Node
FNDA:1,(anonymous_2)
FNDA:9,SinglyLinkedList
FNDA:19,(anonymous_4)
FNDA:4,(anonymous_5)
FNDA:4,(anonymous_6)
FNDA:4,(anonymous_7)
FNDA:24,(anonymous_8)
FNDA:11,(anonymous_9)
FNDA:18,(anonymous_10)
FNDA:18,(anonymous_11)
FNDA:3,(anonymous_12)
FNDA:4,(anonymous_13)
DA:1,1
DA:5,24
DA:6,24
DA:8,1
DA:10,1
DA:15,9
DA:16,9
DA:17,9
DA:20,1
DA:21,19
DA:22,19
DA:23,6
DA:24,6
DA:27,13
DA:28,13
DA:30,19
DA:31,19
DA:34,1
DA:35,4
DA:36,3
DA:37,3
DA:38,3
DA:39,3
DA:40,3
DA:42,3
DA:43,3
DA:44,3
DA:45,3
DA:46,1
DA:47,1
DA:49,3
DA:52,1
DA:53,4
DA:54,3
DA:55,3
DA:56,3
DA:57,3
DA:58,1
DA:59,1
DA:61,3
DA:64,1
DA:65,4
DA:66,4
DA:67,4
DA:68,1
DA:69,1
DA:72,3
DA:73,3
DA:75,4
DA:76,4
DA:80,1
DA:81,24
DA:85,1
DA:86,11
DA:90,1
DA:91,18
DA:94,1
DA:95,18
DA:97,14
DA:98,14
DA:99,14
DA:100,18
DA:101,18
DA:103,14
DA:106,1
DA:107,3
DA:108,3
DA:109,2
DA:110,2
DA:113,1
DA:114,4
DA:115,3
DA:116,2
DA:117,1
DA:118,1
DA:119,1
DA:120,1
DA:121,1
DA:122,1
DA:124,1
DA:127,1
LF:81
LH:81
BRDA:6,0,0,24
BRDA:6,0,1,23
BRDA:22,1,0,6
BRDA:22,1,1,13
BRDA:35,2,0,1
BRDA:35,2,1,3
BRDA:45,3,0,1
BRDA:45,3,1,2
BRDA:53,4,0,1
BRDA:53,4,1,3
BRDA:57,5,0,1
BRDA:57,5,1,2
BRDA:67,6,0,1
BRDA:67,6,1,3
BRDA:95,7,0,4
BRDA:95,7,1,14
BRDA:95,8,0,18
BRDA:95,8,1,17
BRDA:108,9,0,1
BRDA:108,9,1,2
BRDA:114,10,0,1
BRDA:114,10,1,3
BRDA:114,11,0,4
BRDA:114,11,1,4
BRDA:115,12,0,1
BRDA:115,12,1,2
BRDA:115,13,0,3
BRDA:115,13,1,1
BRDA:116,14,0,1
BRDA:116,14,1,1
BRDA:116,15,0,2
BRDA:116,15,1,1
BRF:32
BRH:32
end_of_record
