TN:
SF:src/recursion/capitalizeFirst.js
FN:1,(anonymous_0)
FNF:1
FNH:1
FNDA:4,(anonymous_0)
DA:1,1
DA:2,4
DA:3,3
DA:4,3
DA:5,3
LF:5
LH:5
BRDA:1,0,0,1
BRDA:2,1,0,1
BRDA:2,1,1,3
BRF:3
BRH:3
end_of_record
TN:
SF:src/recursion/flatten.js
FN:1,(anonymous_0)
FN:3,(anonymous_1)
FNF:2
FNH:2
FNDA:25,(anonymous_0)
FNDA:37,(anonymous_1)
DA:1,1
DA:2,25
DA:3,25
DA:4,37
DA:5,21
DA:8,16
DA:12,25
LF:7
LH:7
BRDA:1,0,0,4
BRDA:2,1,0,0
BRDA:2,1,1,25
BRDA:4,2,0,21
BRDA:4,2,1,16
BRF:5
BRH:4
end_of_record
TN:
SF:src/recursion/nestedEvenSum.js
FN:1,(anonymous_0)
FN:3,(anonymous_1)
FNF:2
FNH:2
FNDA:11,(anonymous_0)
FNDA:24,(anonymous_1)
DA:1,1
DA:2,11
DA:3,11
DA:4,24
DA:5,9
DA:7,24
DA:8,8
DA:11,11
LF:8
LH:8
BRDA:1,0,0,2
BRDA:4,1,0,9
BRDA:4,1,1,15
BRDA:7,2,0,8
BRDA:7,2,1,16
BRDA:7,3,0,24
BRDA:7,3,1,11
BRF:7
BRH:7
end_of_record
TN:
SF:src/recursion/palindrome.js
FN:1,(anonymous_0)
FNF:1
FNH:1
FNDA:18,(anonymous_0)
DA:1,1
DA:3,18
DA:5,16
DA:7,3
LF:4
LH:4
BRDA:3,0,0,2
BRDA:3,0,1,16
BRDA:5,1,0,13
BRDA:5,1,1,3
BRF:4
BRH:4
end_of_record
TN:
SF:src/recursion/reverse.js
FN:3,reverse
FN:6,reverseHelper
FNF:2
FNH:2
FNDA:1,reverse
FNDA:9,reverseHelper
DA:4,1
DA:5,1
DA:7,9
DA:8,8
DA:9,8
DA:11,1
DA:12,1
LF:7
LH:7
BRDA:7,0,0,1
BRDA:7,0,1,8
BRF:2
BRH:2
end_of_record
TN:
SF:src/recursion/someRecursive.js
FN:1,(anonymous_0)
FNF:1
FNH:1
FNDA:13,(anonymous_0)
DA:1,1
DA:2,13
DA:4,11
DA:6,9
LF:4
LH:4
BRDA:2,0,0,2
BRDA:2,0,1,11
BRDA:4,1,0,2
BRDA:4,1,1,9
BRF:4
BRH:4
end_of_record
